[2020-11-09 17:14:52.001][info][main:14]: Lua Lsp startup, root: 	c:/Users/Resike/AppData/Roaming/Sublime Text 3/Packages/LuaLSP/server
[2020-11-09 17:14:52.001][debug][main:15]: ROOT:	c:/Users/Resike/AppData/Roaming/Sublime Text 3/Packages/LuaLSP/server
[2020-11-09 17:14:52.038][info][script.language:125]: VSC language: en-us
[2020-11-09 17:14:52.038][info][script.language:126]: LS  language: en-us
[2020-11-09 17:14:52.200][debug][script.async.async:55]: Create thread, id: 	1	task: 	proto
[2020-11-09 17:14:52.213][debug][script.service:871]: collectgarbage: 	0.013
[2020-11-09 17:14:52.213][debug][script.service:942]: 
State
Main Mem:  [14005.086]kb
#001 Mem:  <Unknown>
-------------------
CachedVM:  [0]
AlivedVM:  [0]
DeadVM:    [0]
-------------------
CachedSrc: [0]
AlivedSrc: [1]
DeadSrc:   [0]
-------------------
CachedFunc:[0]
AlivedFunc:[0]
DeadFunc:  [0]
-------------------
TotalVal:  [0]
DeadVal:   [0]
-------------------
TotalLoc:  [0]
TotalEmmy: [10]

[2020-11-09 17:14:52.214][debug][script.service:984]: test memory: 	0.001
[2020-11-09 17:14:52.216][info][script.method.initialize:23]: {
	capabilities = {
		experimental = {
		},
		textDocument = {
			codeAction = {
				codeActionLiteralSupport = {
					codeActionKind = {
						valueSet = {
							[1] = "quickfix",
							[2] = "refactor",
							[3] = "refactor.extract",
							[4] = "refactor.inline",
							[5] = "refactor.rewrite",
							[6] = "source.organizeImports",
						},
					},
				},
				dynamicRegistration = true,
			},
			colorProvider = {
				dynamicRegistration = true,
			},
			completion = {
				completionItem = {
					deprecatedSupport = true,
					documentationFormat = {
						[1] = "markdown",
						[2] = "plaintext",
					},
					snippetSupport = true,
					tagSupport = {
						valueSet = {
							[1] = 1,
						},
					},
				},
				completionItemKind = {
					valueSet = {
						[01] = 1,
						[02] = 2,
						[03] = 3,
						[04] = 4,
						[05] = 5,
						[06] = 6,
						[07] = 7,
						[08] = 8,
						[09] = 9,
						[10] = 10,
						[11] = 11,
						[12] = 12,
						[13] = 13,
						[14] = 14,
						[15] = 15,
						[16] = 16,
						[17] = 17,
						[18] = 18,
						[19] = 19,
						[20] = 20,
						[21] = 21,
						[22] = 22,
						[23] = 23,
						[24] = 24,
						[25] = 25,
					},
				},
				dynamicRegistration = true,
			},
			declaration = {
				dynamicRegistration = true,
				linkSupport = true,
			},
			definition = {
				dynamicRegistration = true,
				linkSupport = true,
			},
			documentHighlight = {
				dynamicRegistration = true,
			},
			documentSymbol = {
				["hierarchicalDocumentSymbolSupport"] = true,
				dynamicRegistration = true,
				symbolKind = {
					valueSet = {
						[01] = 1,
						[02] = 2,
						[03] = 3,
						[04] = 4,
						[05] = 5,
						[06] = 6,
						[07] = 7,
						[08] = 8,
						[09] = 9,
						[10] = 10,
						[11] = 11,
						[12] = 12,
						[13] = 13,
						[14] = 14,
						[15] = 15,
						[16] = 16,
						[17] = 17,
						[18] = 18,
						[19] = 19,
						[20] = 20,
						[21] = 21,
						[22] = 22,
						[23] = 23,
						[24] = 24,
						[25] = 25,
						[26] = 26,
					},
				},
			},
			formatting = {
				dynamicRegistration = true,
			},
			hover = {
				contentFormat = {
					[1] = "markdown",
					[2] = "plaintext",
				},
				dynamicRegistration = true,
			},
			implementation = {
				dynamicRegistration = true,
				linkSupport = true,
			},
			publishDiagnostics = {
				relatedInformation = true,
			},
			rangeFormatting = {
				dynamicRegistration = true,
			},
			references = {
				dynamicRegistration = true,
			},
			rename = {
				dynamicRegistration = true,
				prepareSupport = true,
			},
			selectionRange = {
				dynamicRegistration = true,
			},
			signatureHelp = {
				dynamicRegistration = true,
				signatureInformation = {
					documentationFormat = {
						[1] = "markdown",
						[2] = "plaintext",
					},
					parameterInformation = {
						labelOffsetSupport = true,
					},
				},
			},
			synchronization = {
				didSave = true,
				dynamicRegistration = true,
				willSave = true,
				willSaveWaitUntil = true,
			},
			typeDefinition = {
				dynamicRegistration = true,
				linkSupport = true,
			},
		},
		window = {
			workDoneProgress = true,
		},
		workspace = {
			applyEdit = true,
			configuration = true,
			didChangeConfiguration = {
				dynamicRegistration = true,
			},
			executeCommand = {
			},
			symbol = {
				dynamicRegistration = true,
				symbolKind = {
					valueSet = {
						[01] = 1,
						[02] = 2,
						[03] = 3,
						[04] = 4,
						[05] = 5,
						[06] = 6,
						[07] = 7,
						[08] = 8,
						[09] = 9,
						[10] = 10,
						[11] = 11,
						[12] = 12,
						[13] = 13,
						[14] = 14,
						[15] = 15,
						[16] = 16,
						[17] = 17,
						[18] = 18,
						[19] = 19,
						[20] = 20,
						[21] = 21,
						[22] = 22,
						[23] = 23,
						[24] = 24,
						[25] = 25,
						[26] = 26,
					},
				},
			},
			workspaceEdit = {
				documentChanges = true,
				failureHandling = "abort",
			},
			workspaceFolders = true,
		},
	},
	clientInfo = {
		name = "Sublime Text LSP",
		version = "1.0.18",
	},
	initializationOptions = {
	},
	processId = 8780,
	rootPath = "C:\\World of Warcraft\\_retail_\\Interface\\AddOns\\TradeSkillMaster",
	rootUri = "file:///C:/World%20of%20Warcraft/_retail_/Interface/AddOns/TradeSkillMaster",
	workspaceFolders = {
		[1] = {
			name = "TradeSkillMaster",
			uri = "file:///C:/World%20of%20Warcraft/_retail_/Interface/AddOns/TradeSkillMaster",
		},
	},
}
[2020-11-09 17:14:52.216][debug][script.method.initialize:24]: ProcessID	176
[2020-11-09 17:14:52.216][info][script.service:180]: Add workspace	root	file:///C:/World%20of%20Warcraft/_retail_/Interface/AddOns/TradeSkillMaster
[2020-11-09 17:14:52.216][debug][script.async.async:55]: Create thread, id: 	2	task: 	loadfile
[2020-11-09 17:14:52.216][info][script.workspace:151]: Workspace inited, root: 	c:/World of Warcraft/_retail_/Interface/AddOns/TradeSkillMaster
[2020-11-09 17:14:52.216][info][script.workspace:152]: Workspace inited, uri: 	file:///C:/World%20of%20Warcraft/_retail_/Interface/AddOns/TradeSkillMaster
[2020-11-09 17:14:52.216][info][script.workspace:154]: Log path: 	c:/Users/Resike/AppData/Roaming/Sublime Text 3/Packages/LuaLSP/server/log/file_C_World%20of%20Warcraft__retail__Interface_AddOns_TradeSkillMaster.log
